MediEase_Final/MediEase/app/build/intermediates/manifest_merge_blame_file/debug/manifest-merger-blame-debug-report.txt
1<?xml version="1.0" encoding="utf-8"?>
2<manifest xmlns:android="http://schemas.android.com/apk/res/android"
3    package="com.mediease.app"
4    android:versionCode="1"
5    android:versionName="2.0" >
6
7    <uses-sdk
8        android:minSdkVersion="26"
9        android:targetSdkVersion="34" />
10
11    <uses-permission android:name="android.permission.POST_NOTIFICATIONS" />
11-->src\main\AndroidManifest.xml:5:5-77
11-->src\main\AndroidManifest.xml:5:22-74
12    <uses-permission android:name="android.permission.CAMERA" />
12-->src\main\AndroidManifest.xml:6:5-65
12-->src\main\AndroidManifest.xml:6:22-62
13    <uses-permission android:name="android.permission.READ_MEDIA_IMAGES" />
13-->src\main\AndroidManifest.xml:7:5-76
13-->src\main\AndroidManifest.xml:7:22-73
14    <uses-permission
14-->src\main\AndroidManifest.xml:8:5-107
15        android:name="android.permission.READ_EXTERNAL_STORAGE"
15-->src\main\AndroidManifest.xml:8:22-77
16        android:maxSdkVersion="32" />
16-->src\main\AndroidManifest.xml:8:78-104
17    <uses-permission android:name="android.permission.RECEIVE_BOOT_COMPLETED" />
17-->src\main\AndroidManifest.xml:9:5-81
17-->src\main\AndroidManifest.xml:9:22-78
18    <uses-permission android:name="android.permission.SCHEDULE_EXACT_ALARM" />
18-->src\main\AndroidManifest.xml:10:5-79
18-->src\main\AndroidManifest.xml:10:22-76
19    <uses-permission android:name="android.permission.USE_EXACT_ALARM" />
19-->src\main\AndroidManifest.xml:11:5-74
19-->src\main\AndroidManifest.xml:11:22-71
20    <uses-permission android:name="android.permission.INTERNET" />
20-->src\main\AndroidManifest.xml:12:5-67
20-->src\main\AndroidManifest.xml:12:22-64
21    <uses-permission android:name="android.permission.VIBRATE" />
21-->src\main\AndroidManifest.xml:13:5-66
21-->src\main\AndroidManifest.xml:13:22-63
22    <uses-permission android:name="android.permission.WAKE_LOCK" />
22-->src\main\AndroidManifest.xml:14:5-68
22-->src\main\AndroidManifest.xml:14:22-65
23    <uses-permission android:name="android.permission.USE_FULL_SCREEN_INTENT" />
23-->src\main\AndroidManifest.xml:15:5-81
23-->src\main\AndroidManifest.xml:15:22-78
24
25    <uses-feature
25-->src\main\AndroidManifest.xml:16:5-85
26        android:name="android.hardware.camera"
26-->src\main\AndroidManifest.xml:16:19-57
27        android:required="false" />
27-->src\main\AndroidManifest.xml:16:58-82
28
29    <uses-permission android:name="android.permission.ACCESS_NETWORK_STATE" />
29-->[androidx.work:work-runtime:2.9.0] AndroidManifest.xml:24:5-79
29-->[androidx.work:work-runtime:2.9.0] AndroidManifest.xml:24:22-76
30    <uses-permission android:name="android.permission.FOREGROUND_SERVICE" />
30-->[androidx.work:work-runtime:2.9.0] AndroidManifest.xml:26:5-77
30-->[androidx.work:work-runtime:2.9.0] AndroidManifest.xml:26:22-74
31
32    <permission
32-->[androidx.core:core:1.12.0] AndroidManifest.xml:22:5-24:47
33        android:name="com.mediease.app.DYNAMIC_RECEIVER_NOT_EXPORTED_PERMISSION"
33-->[androidx.core:core:1.12.0] AndroidManifest.xml:23:9-81
34        android:protectionLevel="signature" />
34-->[androidx.core:core:1.12.0] AndroidManifest.xml:24:9-44
35
36    <uses-permission android:name="com.mediease.app.DYNAMIC_RECEIVER_NOT_EXPORTED_PERMISSION" />
36-->[androidx.core:core:1.12.0] AndroidManifest.xml:26:5-97
36-->[androidx.core:core:1.12.0] AndroidManifest.xml:26:22-94
37
38    <application
38-->src\main\AndroidManifest.xml:18:5-66:19
39        android:name="com.mediease.app.MediEaseApp"
39-->src\main\AndroidManifest.xml:19:9-36
40        android:allowBackup="true"
40-->src\main\AndroidManifest.xml:20:9-35
41        android:appComponentFactory="androidx.core.app.CoreComponentFactory"
41-->[androidx.core:core:1.12.0] AndroidManifest.xml:28:18-86
42        android:debuggable="true"
43        android:extractNativeLibs="false"
44        android:icon="@drawable/ic_medicine_placeholder"
44-->src\main\AndroidManifest.xml:21:9-57
45        android:label="@string/app_name"
45-->src\main\AndroidManifest.xml:22:9-41
46        android:networkSecurityConfig="@xml/network_security_config"
46-->src\main\AndroidManifest.xml:27:9-69
47        android:roundIcon="@drawable/ic_medicine_placeholder"
47-->src\main\AndroidManifest.xml:23:9-62
48        android:supportsRtl="true"
48-->src\main\AndroidManifest.xml:24:9-35
49        android:testOnly="true"
50        android:theme="@style/Theme.MediEase"
50-->src\main\AndroidManifest.xml:25:9-46
51        android:usesCleartextTraffic="true" >
51-->src\main\AndroidManifest.xml:26:9-44
52        <activity
52-->src\main\AndroidManifest.xml:30:9-36:20
53            android:name="com.mediease.app.activities.SplashActivity"
53-->src\main\AndroidManifest.xml:30:19-60
54            android:exported="true"
54-->src\main\AndroidManifest.xml:30:61-84
55            android:screenOrientation="portrait"
55-->src\main\AndroidManifest.xml:31:58-94
56            android:theme="@style/Theme.MediEase.Splash" >
56-->src\main\AndroidManifest.xml:31:13-57
57            <intent-filter>
57-->src\main\AndroidManifest.xml:32:13-35:29
58                <action android:name="android.intent.action.MAIN" />
58-->src\main\AndroidManifest.xml:33:17-69
58-->src\main\AndroidManifest.xml:33:25-66
59
60                <category android:name="android.intent.category.LAUNCHER" />
60-->src\main\AndroidManifest.xml:34:17-77
60-->src\main\AndroidManifest.xml:34:27-74
61            </intent-filter>
62        </activity>
63        <activity
63-->src\main\AndroidManifest.xml:37:9-124
64            android:name="com.mediease.app.activities.LoginActivity"
64-->src\main\AndroidManifest.xml:37:19-59
65            android:exported="false"
65-->src\main\AndroidManifest.xml:37:60-84
66            android:screenOrientation="portrait" />
66-->src\main\AndroidManifest.xml:37:85-121
67        <activity
67-->src\main\AndroidManifest.xml:38:9-127
68            android:name="com.mediease.app.activities.RegisterActivity"
68-->src\main\AndroidManifest.xml:38:19-62
69            android:exported="false"
69-->src\main\AndroidManifest.xml:38:63-87
70            android:screenOrientation="portrait" />
70-->src\main\AndroidManifest.xml:38:88-124
71        <activity
71-->src\main\AndroidManifest.xml:39:9-133
72            android:name="com.mediease.app.activities.ForgotPasswordActivity"
72-->src\main\AndroidManifest.xml:39:19-68
73            android:exported="false"
73-->src\main\AndroidManifest.xml:39:69-93
74            android:screenOrientation="portrait" />
74-->src\main\AndroidManifest.xml:39:94-130
75        <activity
75-->src\main\AndroidManifest.xml:40:9-129
76            android:name="com.mediease.app.activities.RoleSelectActivity"
76-->src\main\AndroidManifest.xml:40:19-64
77            android:exported="false"
77-->src\main\AndroidManifest.xml:40:65-89
78            android:screenOrientation="portrait" />
78-->src\main\AndroidManifest.xml:40:90-126
79        <activity
79-->src\main\AndroidManifest.xml:41:9-131
80            android:name="com.mediease.app.activities.PatientSetupActivity"
80-->src\main\AndroidManifest.xml:41:19-66
81            android:exported="false"
81-->src\main\AndroidManifest.xml:41:67-91
82            android:screenOrientation="portrait" />
82-->src\main\AndroidManifest.xml:41:92-128
83        <activity
83-->src\main\AndroidManifest.xml:42:9-133
84            android:name="com.mediease.app.activities.CaregiverSetupActivity"
84-->src\main\AndroidManifest.xml:42:19-68
85            android:exported="false"
85-->src\main\AndroidManifest.xml:42:69-93
86            android:screenOrientation="portrait" />
86-->src\main\AndroidManifest.xml:42:94-130
87        <activity
87-->src\main\AndroidManifest.xml:43:9-166
88            android:name="com.mediease.app.activities.MainActivity"
88-->src\main\AndroidManifest.xml:43:19-58
89            android:exported="false"
89-->src\main\AndroidManifest.xml:43:59-83
90            android:screenOrientation="portrait"
90-->src\main\AndroidManifest.xml:43:84-120
91            android:windowSoftInputMode="adjustResize" />
91-->src\main\AndroidManifest.xml:43:121-163
92        <activity
92-->src\main\AndroidManifest.xml:44:9-173
93            android:name="com.mediease.app.activities.AddMedicineActivity"
93-->src\main\AndroidManifest.xml:44:19-65
94            android:exported="false"
94-->src\main\AndroidManifest.xml:44:66-90
95            android:screenOrientation="portrait"
95-->src\main\AndroidManifest.xml:44:91-127
96            android:windowSoftInputMode="adjustResize" />
96-->src\main\AndroidManifest.xml:44:128-170
97        <activity
97-->src\main\AndroidManifest.xml:45:9-133
98            android:name="com.mediease.app.activities.MedicineDetailActivity"
98-->src\main\AndroidManifest.xml:45:19-68
99            android:exported="false"
99-->src\main\AndroidManifest.xml:45:69-93
100            android:screenOrientation="portrait" />
100-->src\main\AndroidManifest.xml:45:94-130
101        <activity
101-->src\main\AndroidManifest.xml:46:9-137
102            android:name="com.mediease.app.activities.CaregiverDashboardActivity"
102-->src\main\AndroidManifest.xml:46:19-72
103            android:exported="false"
103-->src\main\AndroidManifest.xml:46:73-97
104            android:screenOrientation="portrait" />
104-->src\main\AndroidManifest.xml:46:98-134
105        <activity
105-->src\main\AndroidManifest.xml:47:9-136
106            android:name="com.mediease.app.activities.AdherenceAnalysisActivity"
106-->src\main\AndroidManifest.xml:47:19-71
107            android:exported="false"
107-->src\main\AndroidManifest.xml:47:72-96
108            android:screenOrientation="portrait" />
108-->src\main\AndroidManifest.xml:47:97-133
109        <activity
109-->src\main\AndroidManifest.xml:48:9-137
110            android:name="com.mediease.app.activities.NotificationDetailActivity"
110-->src\main\AndroidManifest.xml:48:19-72
111            android:exported="false"
111-->src\main\AndroidManifest.xml:48:73-97
112            android:screenOrientation="portrait" />
112-->src\main\AndroidManifest.xml:48:98-134
113        <activity
113-->src\main\AndroidManifest.xml:49:9-139
114            android:name="com.mediease.app.activities.NotificationSettingsActivity"
114-->src\main\AndroidManifest.xml:49:19-74
115            android:exported="false"
115-->src\main\AndroidManifest.xml:49:75-99
116            android:screenOrientation="portrait" />
116-->src\main\AndroidManifest.xml:49:100-136
117        <activity
117-->src\main\AndroidManifest.xml:50:9-130
118            android:name="com.mediease.app.activities.HelpSupportActivity"
118-->src\main\AndroidManifest.xml:50:19-65
119            android:exported="false"
119-->src\main\AndroidManifest.xml:50:66-90
120            android:screenOrientation="portrait" />
120-->src\main\AndroidManifest.xml:50:91-127
121
122        <provider
123            android:name="androidx.core.content.FileProvider"
123-->src\main\AndroidManifest.xml:52:19-68
124            android:authorities="com.mediease.app.fileprovider"
124-->src\main\AndroidManifest.xml:53:13-64
125            android:exported="false"
125-->src\main\AndroidManifest.xml:54:13-37
126            android:grantUriPermissions="true" >
126-->src\main\AndroidManifest.xml:55:13-47
127            <meta-data
127-->src\main\AndroidManifest.xml:56:13-112
128                android:name="android.support.FILE_PROVIDER_PATHS"
128-->src\main\AndroidManifest.xml:56:24-74
129                android:resource="@xml/file_paths" />
129-->src\main\AndroidManifest.xml:56:75-109
130        </provider>
131
132        <receiver
132-->src\main\AndroidManifest.xml:59:9-98
133            android:name="com.mediease.app.notifications.MedicineAlarmReceiver"
133-->src\main\AndroidManifest.xml:59:19-70
134            android:exported="false" />
134-->src\main\AndroidManifest.xml:59:71-95
135        <receiver
135-->src\main\AndroidManifest.xml:60:9-64:20
136            android:name="com.mediease.app.notifications.BootReceiver"
136-->src\main\AndroidManifest.xml:60:19-61
137            android:exported="true" >
137-->src\main\AndroidManifest.xml:60:62-85
138            <intent-filter>
138-->src\main\AndroidManifest.xml:61:13-63:29
139                <action android:name="android.intent.action.BOOT_COMPLETED" />
139-->src\main\AndroidManifest.xml:62:17-79
139-->src\main\AndroidManifest.xml:62:25-76
140            </intent-filter>
141        </receiver>
142
143        <activity
143-->[androidx.compose.ui:ui-tooling:1.4.0] AndroidManifest.xml:23:9-25:39
144            android:name="androidx.compose.ui.tooling.PreviewActivity"
144-->[androidx.compose.ui:ui-tooling:1.4.0] AndroidManifest.xml:24:13-71
145            android:exported="true" />
145-->[androidx.compose.ui:ui-tooling:1.4.0] AndroidManifest.xml:25:13-36
146
147        <provider
147-->[androidx.work:work-runtime:2.9.0] AndroidManifest.xml:29:9-37:20
148            android:name="androidx.startup.InitializationProvider"
148-->[androidx.work:work-runtime:2.9.0] AndroidManifest.xml:30:13-67
149            android:authorities="com.mediease.app.androidx-startup"
149-->[androidx.work:work-runtime:2.9.0] AndroidManifest.xml:31:13-68
150            android:exported="false" >
150-->[androidx.work:work-runtime:2.9.0] AndroidManifest.xml:32:13-37
151            <meta-data
151-->[androidx.work:work-runtime:2.9.0] AndroidManifest.xml:34:13-36:52
152                android:name="androidx.work.WorkManagerInitializer"
152-->[androidx.work:work-runtime:2.9.0] AndroidManifest.xml:35:17-68
153                android:value="androidx.startup" />
153-->[androidx.work:work-runtime:2.9.0] AndroidManifest.xml:36:17-49
154            <meta-data
154-->[androidx.emoji2:emoji2:1.3.0] AndroidManifest.xml:29:13-31:52
155                android:name="androidx.emoji2.text.EmojiCompatInitializer"
155-->[androidx.emoji2:emoji2:1.3.0] AndroidManifest.xml:30:17-75
156                android:value="androidx.startup" />
156-->[androidx.emoji2:emoji2:1.3.0] AndroidManifest.xml:31:17-49
157            <meta-data
157-->[androidx.lifecycle:lifecycle-process:2.7.0] AndroidManifest.xml:29:13-31:52
158                android:name="androidx.lifecycle.ProcessLifecycleInitializer"
158-->[androidx.lifecycle:lifecycle-process:2.7.0] AndroidManifest.xml:30:17-78
159                android:value="androidx.startup" />
159-->[androidx.lifecycle:lifecycle-process:2.7.0] AndroidManifest.xml:31:17-49
160            <meta-data
160-->[androidx.profileinstaller:profileinstaller:1.3.0] AndroidManifest.xml:29:13-31:52
161                android:name="androidx.profileinstaller.ProfileInstallerInitializer"
161-->[androidx.profileinstaller:profileinstaller:1.3.0] AndroidManifest.xml:30:17-85
162                android:value="androidx.startup" />
162-->[androidx.profileinstaller:profileinstaller:1.3.0] AndroidManifest.xml:31:17-49
163        </provider>
164
165        <service
165-->[androidx.work:work-runtime:2.9.0] AndroidManifest.xml:39:9-45:35
166            android:name="androidx.work.impl.background.systemalarm.SystemAlarmService"
166-->[androidx.work:work-runtime:2.9.0] AndroidManifest.xml:40:13-88
167            android:directBootAware="false"
167-->[androidx.work:work-runtime:2.9.0] AndroidManifest.xml:41:13-44
168            android:enabled="@bool/enable_system_alarm_service_default"
168-->[androidx.work:work-runtime:2.9.0] AndroidManifest.xml:42:13-72
169            android:exported="false" />
169-->[androidx.work:work-runtime:2.9.0] AndroidManifest.xml:43:13-37
170        <service
170-->[androidx.work:work-runtime:2.9.0] AndroidManifest.xml:46:9-52:35
171            android:name="androidx.work.impl.background.systemjob.SystemJobService"
171-->[androidx.work:work-runtime:2.9.0] AndroidManifest.xml:47:13-84
172            android:directBootAware="false"
172-->[androidx.work:work-runtime:2.9.0] AndroidManifest.xml:48:13-44
173            android:enabled="@bool/enable_system_job_service_default"
173-->[androidx.work:work-runtime:2.9.0] AndroidManifest.xml:49:13-70
174            android:exported="true"
174-->[androidx.work:work-runtime:2.9.0] AndroidManifest.xml:50:13-36
175            android:permission="android.permission.BIND_JOB_SERVICE" />
175-->[androidx.work:work-runtime:2.9.0] AndroidManifest.xml:51:13-69
176        <service
176-->[androidx.work:work-runtime:2.9.0] AndroidManifest.xml:53:9-59:35
177            android:name="androidx.work.impl.foreground.SystemForegroundService"
177-->[androidx.work:work-runtime:2.9.0] AndroidManifest.xml:54:13-81
178            android:directBootAware="false"
178-->[androidx.work:work-runtime:2.9.0] AndroidManifest.xml:55:13-44
179            android:enabled="@bool/enable_system_foreground_service_default"
179-->[androidx.work:work-runtime:2.9.0] AndroidManifest.xml:56:13-77
180            android:exported="false" />
180-->[androidx.work:work-runtime:2.9.0] AndroidManifest.xml:57:13-37
181
182        <receiver
182-->[androidx.work:work-runtime:2.9.0] AndroidManifest.xml:61:9-66:35
183            android:name="androidx.work.impl.utils.ForceStopRunnable$BroadcastReceiver"
183-->[androidx.work:work-runtime:2.9.0] AndroidManifest.xml:62:13-88
184            android:directBootAware="false"
184-->[androidx.work:work-runtime:2.9.0] AndroidManifest.xml:63:13-44
185            android:enabled="true"
185-->[androidx.work:work-runtime:2.9.0] AndroidManifest.xml:64:13-35
186            android:exported="false" />
186-->[androidx.work:work-runtime:2.9.0] AndroidManifest.xml:65:13-37
187        <receiver
187-->[androidx.work:work-runtime:2.9.0] AndroidManifest.xml:67:9-77:20
188            android:name="androidx.work.impl.background.systemalarm.ConstraintProxy$BatteryChargingProxy"
188-->[androidx.work:work-runtime:2.9.0] AndroidManifest.xml:68:13-106
189            android:directBootAware="false"
189-->[androidx.work:work-runtime:2.9.0] AndroidManifest.xml:69:13-44
190            android:enabled="false"
190-->[androidx.work:work-runtime:2.9.0] AndroidManifest.xml:70:13-36
191            android:exported="false" >
191-->[androidx.work:work-runtime:2.9.0] AndroidManifest.xml:71:13-37
192            <intent-filter>
192-->[androidx.work:work-runtime:2.9.0] AndroidManifest.xml:73:13-76:29
193                <action android:name="android.intent.action.ACTION_POWER_CONNECTED" />
193-->[androidx.work:work-runtime:2.9.0] AndroidManifest.xml:74:17-87
193-->[androidx.work:work-runtime:2.9.0] AndroidManifest.xml:74:25-84
194                <action android:name="android.intent.action.ACTION_POWER_DISCONNECTED" />
194-->[androidx.work:work-runtime:2.9.0] AndroidManifest.xml:75:17-90
194-->[androidx.work:work-runtime:2.9.0] AndroidManifest.xml:75:25-87
195            </intent-filter>
196        </receiver>
197        <receiver
197-->[androidx.work:work-runtime:2.9.0] AndroidManifest.xml:78:9-88:20
198            android:name="androidx.work.impl.background.systemalarm.ConstraintProxy$BatteryNotLowProxy"
198-->[androidx.work:work-runtime:2.9.0] AndroidManifest.xml:79:13-104
199            android:directBootAware="false"
199-->[androidx.work:work-runtime:2.9.0] AndroidManifest.xml:80:13-44
200            android:enabled="false"
200-->[androidx.work:work-runtime:2.9.0] AndroidManifest.xml:81:13-36
201            android:exported="false" >
201-->[androidx.work:work-runtime:2.9.0] AndroidManifest.xml:82:13-37
202            <intent-filter>
202-->[androidx.work:work-runtime:2.9.0] AndroidManifest.xml:84:13-87:29
203                <action android:name="android.intent.action.BATTERY_OKAY" />
203-->[androidx.work:work-runtime:2.9.0] AndroidManifest.xml:85:17-77
203-->[androidx.work:work-runtime:2.9.0] AndroidManifest.xml:85:25-74
204                <action android:name="android.intent.action.BATTERY_LOW" />
204-->[androidx.work:work-runtime:2.9.0] AndroidManifest.xml:86:17-76
204-->[androidx.work:work-runtime:2.9.0] AndroidManifest.xml:86:25-73
205            </intent-filter>
206        </receiver>
207        <receiver
207-->[androidx.work:work-runtime:2.9.0] AndroidManifest.xml:89:9-99:20
208            android:name="androidx.work.impl.background.systemalarm.ConstraintProxy$StorageNotLowProxy"
208-->[androidx.work:work-runtime:2.9.0] AndroidManifest.xml:90:13-104
209            android:directBootAware="false"
209-->[androidx.work:work-runtime:2.9.0] AndroidManifest.xml:91:13-44
210            android:enabled="false"
210-->[androidx.work:work-runtime:2.9.0] AndroidManifest.xml:92:13-36
211            android:exported="false" >
211-->[androidx.work:work-runtime:2.9.0] AndroidManifest.xml:93:13-37
212            <intent-filter>
212-->[androidx.work:work-runtime:2.9.0] AndroidManifest.xml:95:13-98:29
213                <action android:name="android.intent.action.DEVICE_STORAGE_LOW" />
213-->[androidx.work:work-runtime:2.9.0] AndroidManifest.xml:96:17-83
213-->[androidx.work:work-runtime:2.9.0] AndroidManifest.xml:96:25-80
214                <action android:name="android.intent.action.DEVICE_STORAGE_OK" />
214-->[androidx.work:work-runtime:2.9.0] AndroidManifest.xml:97:17-82
214-->[androidx.work:work-runtime:2.9.0] AndroidManifest.xml:97:25-79
215            </intent-filter>
216        </receiver>
217        <receiver
217-->[androidx.work:work-runtime:2.9.0] AndroidManifest.xml:100:9-109:20
218            android:name="androidx.work.impl.background.systemalarm.ConstraintProxy$NetworkStateProxy"
218-->[androidx.work:work-runtime:2.9.0] AndroidManifest.xml:101:13-103
219            android:directBootAware="false"
219-->[androidx.work:work-runtime:2.9.0] AndroidManifest.xml:102:13-44
220            android:enabled="false"
220-->[androidx.work:work-runtime:2.9.0] AndroidManifest.xml:103:13-36
221            android:exported="false" >
221-->[androidx.work:work-runtime:2.9.0] AndroidManifest.xml:104:13-37
222            <intent-filter>
222-->[androidx.work:work-runtime:2.9.0] AndroidManifest.xml:106:13-108:29
223                <action android:name="android.net.conn.CONNECTIVITY_CHANGE" />
223-->[androidx.work:work-runtime:2.9.0] AndroidManifest.xml:107:17-79
223-->[androidx.work:work-runtime:2.9.0] AndroidManifest.xml:107:25-76
224            </intent-filter>
225        </receiver>
226        <receiver
226-->[androidx.work:work-runtime:2.9.0] AndroidManifest.xml:110:9-121:20
227            android:name="androidx.work.impl.background.systemalarm.RescheduleReceiver"
227-->[androidx.work:work-runtime:2.9.0] AndroidManifest.xml:111:13-88
228            android:directBootAware="false"
228-->[androidx.work:work-runtime:2.9.0] AndroidManifest.xml:112:13-44
229            android:enabled="false"
229-->[androidx.work:work-runtime:2.9.0] AndroidManifest.xml:113:13-36
230            android:exported="false" >
230-->[androidx.work:work-runtime:2.9.0] AndroidManifest.xml:114:13-37
231            <intent-filter>
231-->[androidx.work:work-runtime:2.9.0] AndroidManifest.xml:116:13-120:29
232                <action android:name="android.intent.action.BOOT_COMPLETED" />
232-->src\main\AndroidManifest.xml:62:17-79
232-->src\main\AndroidManifest.xml:62:25-76
233                <action android:name="android.intent.action.TIME_SET" />
233-->[androidx.work:work-runtime:2.9.0] AndroidManifest.xml:118:17-73
233-->[androidx.work:work-runtime:2.9.0] AndroidManifest.xml:118:25-70
234                <action android:name="android.intent.action.TIMEZONE_CHANGED" />
234-->[androidx.work:work-runtime:2.9.0] AndroidManifest.xml:119:17-81
234-->[androidx.work:work-runtime:2.9.0] AndroidManifest.xml:119:25-78
235            </intent-filter>
236        </receiver>
237        <receiver
237-->[androidx.work:work-runtime:2.9.0] AndroidManifest.xml:122:9-131:20
238            android:name="androidx.work.impl.background.systemalarm.ConstraintProxyUpdateReceiver"
238-->[androidx.work:work-runtime:2.9.0] AndroidManifest.xml:123:13-99
239            android:directBootAware="false"
239-->[androidx.work:work-runtime:2.9.0] AndroidManifest.xml:124:13-44
240            android:enabled="@bool/enable_system_alarm_service_default"
240-->[androidx.work:work-runtime:2.9.0] AndroidManifest.xml:125:13-72
241            android:exported="false" >
241-->[androidx.work:work-runtime:2.9.0] AndroidManifest.xml:126:13-37
242            <intent-filter>
242-->[androidx.work:work-runtime:2.9.0] AndroidManifest.xml:128:13-130:29
243                <action android:name="androidx.work.impl.background.systemalarm.UpdateProxies" />
243-->[androidx.work:work-runtime:2.9.0] AndroidManifest.xml:129:17-98
243-->[androidx.work:work-runtime:2.9.0] AndroidManifest.xml:129:25-95
244            </intent-filter>
245        </receiver>
246        <receiver
246-->[androidx.work:work-runtime:2.9.0] AndroidManifest.xml:132:9-142:20
247            android:name="androidx.work.impl.diagnostics.DiagnosticsReceiver"
247-->[androidx.work:work-runtime:2.9.0] AndroidManifest.xml:133:13-78
248            android:directBootAware="false"
248-->[androidx.work:work-runtime:2.9.0] AndroidManifest.xml:134:13-44
249            android:enabled="true"
249-->[androidx.work:work-runtime:2.9.0] AndroidManifest.xml:135:13-35
250            android:exported="true"
250-->[androidx.work:work-runtime:2.9.0] AndroidManifest.xml:136:13-36
251            android:permission="android.permission.DUMP" >
251-->[androidx.work:work-runtime:2.9.0] AndroidManifest.xml:137:13-57
252            <intent-filter>
252-->[androidx.work:work-runtime:2.9.0] AndroidManifest.xml:139:13-141:29
253                <action android:name="androidx.work.diagnostics.REQUEST_DIAGNOSTICS" />
253-->[androidx.work:work-runtime:2.9.0] AndroidManifest.xml:140:17-88
253-->[androidx.work:work-runtime:2.9.0] AndroidManifest.xml:140:25-85
254            </intent-filter>
255        </receiver>
256
257        <uses-library
257-->[androidx.window:window:1.0.0] AndroidManifest.xml:25:9-27:40
258            android:name="androidx.window.extensions"
258-->[androidx.window:window:1.0.0] AndroidManifest.xml:26:13-54
259            android:required="false" />
259-->[androidx.window:window:1.0.0] AndroidManifest.xml:27:13-37
260        <uses-library
260-->[androidx.window:window:1.0.0] AndroidManifest.xml:28:9-30:40
261            android:name="androidx.window.sidecar"
261-->[androidx.window:window:1.0.0] AndroidManifest.xml:29:13-51
262            android:required="false" />
262-->[androidx.window:window:1.0.0] AndroidManifest.xml:30:13-37
263
264        <service
264-->[androidx.room:room-runtime:2.6.1] AndroidManifest.xml:24:9-28:63
265            android:name="androidx.room.MultiInstanceInvalidationService"
265-->[androidx.room:room-runtime:2.6.1] AndroidManifest.xml:25:13-74
266            android:directBootAware="true"
266-->[androidx.room:room-runtime:2.6.1] AndroidManifest.xml:26:13-43
267            android:exported="false" />
267-->[androidx.room:room-runtime:2.6.1] AndroidManifest.xml:27:13-37
268
269        <receiver
269-->[androidx.profileinstaller:profileinstaller:1.3.0] AndroidManifest.xml:34:9-52:20
270            android:name="androidx.profileinstaller.ProfileInstallReceiver"
270-->[androidx.profileinstaller:profileinstaller:1.3.0] AndroidManifest.xml:35:13-76
271            android:directBootAware="false"
271-->[androidx.profileinstaller:profileinstaller:1.3.0] AndroidManifest.xml:36:13-44
272            android:enabled="true"
272-->[androidx.profileinstaller:profileinstaller:1.3.0] AndroidManifest.xml:37:13-35
273            android:exported="true"
273-->[androidx.profileinstaller:profileinstaller:1.3.0] AndroidManifest.xml:38:13-36
274            android:permission="android.permission.DUMP" >
274-->[androidx.profileinstaller:profileinstaller:1.3.0] AndroidManifest.xml:39:13-57
275            <intent-filter>
275-->[androidx.profileinstaller:profileinstaller:1.3.0] AndroidManifest.xml:40:13-42:29
276                <action android:name="androidx.profileinstaller.action.INSTALL_PROFILE" />
276-->[androidx.profileinstaller:profileinstaller:1.3.0] AndroidManifest.xml:41:17-91
276-->[androidx.profileinstaller:profileinstaller:1.3.0] AndroidManifest.xml:41:25-88
277            </intent-filter>
278            <intent-filter>
278-->[androidx.profileinstaller:profileinstaller:1.3.0] AndroidManifest.xml:43:13-45:29
279                <action android:name="androidx.profileinstaller.action.SKIP_FILE" />
279-->[androidx.profileinstaller:profileinstaller:1.3.0] AndroidManifest.xml:44:17-85
279-->[androidx.profileinstaller:profileinstaller:1.3.0] AndroidManifest.xml:44:25-82
280            </intent-filter>
281            <intent-filter>
281-->[androidx.profileinstaller:profileinstaller:1.3.0] AndroidManifest.xml:46:13-48:29
282                <action android:name="androidx.profileinstaller.action.SAVE_PROFILE" />
282-->[androidx.profileinstaller:profileinstaller:1.3.0] AndroidManifest.xml:47:17-88
282-->[androidx.profileinstaller:profileinstaller:1.3.0] AndroidManifest.xml:47:25-85
283            </intent-filter>
284            <intent-filter>
284-->[androidx.profileinstaller:profileinstaller:1.3.0] AndroidManifest.xml:49:13-51:29
285                <action android:name="androidx.profileinstaller.action.BENCHMARK_OPERATION" />
285-->[androidx.profileinstaller:profileinstaller:1.3.0] AndroidManifest.xml:50:17-95
285-->[androidx.profileinstaller:profileinstaller:1.3.0] AndroidManifest.xml:50:25-92
286            </intent-filter>
287        </receiver>
288    </application>
289
290</manifest>